<?xml version="1.0" encoding="UTF-8"?>
<!-- Generated by org.testng.reporters.JUnitReportReporter -->
<testsuite hostname="Amit-Office" failures="0" tests="3" name="testing.LoginTest" time="26.075" errors="0" timestamp="2023-06-23T03:47:17 EDT" skipped="0">
  <testcase classname="testing.LoginTest" name="login" time="9.347"/>
  <system-out/>
  <testcase classname="testing.LoginTest" name="login" time="7.469"/>
  <system-out/>
  <testcase classname="testing.LoginTest" name="login" time="9.259"/>
  <system-out/>
</testsuite> <!-- testing.LoginTest -->
