<?xml version="1.0" encoding="UTF-8"?>
<!-- Generated by org.testng.reporters.JUnitReportReporter -->
<testsuite hostname="Amit-Office" failures="0" tests="3" name="testing.LoginTest" time="25.271" errors="0" timestamp="2023-06-21T09:39:56 EDT" skipped="0">
  <testcase classname="testing.LoginTest" name="login" time="9.497"/>
  <system-out/>
  <testcase classname="testing.LoginTest" name="login" time="9.391"/>
  <system-out/>
  <testcase classname="testing.LoginTest" name="login" time="6.383"/>
  <system-out/>
</testsuite> <!-- testing.LoginTest -->
